<?xml version="1.0" encoding="UTF-8"?>
<!-- Generated by org.testng.reporters.JUnitXMLReporter -->
<testsuite ignored="3" hostname="vibhakumari" failures="0" tests="1" name="Default test" time="30.603" errors="0" timestamp="11 Feb 2021 18:07:21 GMT">
  <testcase classname="com.tests.SearchTest" name="Search_Bus" time="30.222"/>
  <testcase classname="com.tests.SearchTest" name="Filter" time="0.0">
    <ignored/>
  </testcase> <!-- Filter -->
  <testcase classname="com.tests.SearchTest" name="SortSelect" time="0.0">
    <ignored/>
  </testcase> <!-- SortSelect -->
  <testcase classname="com.tests.SearchTest" name="Modify_Search" time="0.0">
    <ignored/>
  </testcase> <!-- Modify_Search -->
</testsuite> <!-- Default test -->
