<?xml version="1.0" encoding="UTF-8"?>
<testsuite xmlns:xsi="http://www.w3.org/2001/XMLSchema-instance" xsi:noNamespaceSchemaLocation="https://maven.apache.org/surefire/maven-surefire-plugin/xsd/surefire-test-report-3.0.xsd" version="3.0" name="TestSuite" time="126.734" tests="12" errors="0" skipped="0" failures="6">
  <properties>
[...]
</properties>
  <testcase name="TAndC" classname="com.tests.TermsAndCondition_Test" time="5.802">
    <system-out><![CDATA[[TestNGContentHandler] [WARN] It is strongly recommended to add "<!DOCTYPE suite SYSTEM "http://testng.org/testng-1.0.dtd" >" at the top of your file, otherwise TestNG may fail or not work as expected.
Passenger Guidelines
]]></system-out>
    <system-err><![CDATA[Starting ChromeDriver 88.0.4324.96 (68dba2d8a0b149a1d3afac56fa74648032bcf46b-refs/branch-heads/4324@{#1784}) on port 10512
Only local connections are allowed.
Please see https://chromedriver.chromium.org/security-considerations for suggestions on keeping ChromeDriver safe.
ChromeDriver was started successfully.
Feb 11, 2021 11:24:16 PM org.openqa.selenium.remote.ProtocolHandshake createSession
INFO: Detected dialect: W3C
]]></system-err>
  </testcase>
  <testcase name="TrackBus" classname="com.tests.TrackBus_Test" time="7.185">
    <system-out><![CDATA[
]]></system-out>
    <system-err><![CDATA[Feb 11, 2021 11:24:20 PM [com.tests.BusHireOperator_Test]  invoke0
INFO: ***********************Track Bus Test*************************
Starting ChromeDriver 88.0.4324.96 (68dba2d8a0b149a1d3afac56fa74648032bcf46b-refs/branch-heads/4324@{#1784}) on port 46988
Only local connections are allowed.
Please see https://chromedriver.chromium.org/security-considerations for suggestions on keeping ChromeDriver safe.
ChromeDriver was started successfully.
Feb 11, 2021 11:24:21 PM org.openqa.selenium.remote.ProtocolHandshake createSession
INFO: Detected dialect: W3C
]]></system-err>
  </testcase>
  <testcase name="SocialMedia" classname="com.tests.SocialMedia_Test" time="7.495">
    <system-err><![CDATA[Feb 11, 2021 11:24:27 PM [com.tests.BusHireOperator_Test]  invoke0
INFO: *************************Social Media Test****************************
Starting ChromeDriver 88.0.4324.96 (68dba2d8a0b149a1d3afac56fa74648032bcf46b-refs/branch-heads/4324@{#1784}) on port 34839
Only local connections are allowed.
Please see https://chromedriver.chromium.org/security-considerations for suggestions on keeping ChromeDriver safe.
ChromeDriver was started successfully.
Feb 11, 2021 11:24:28 PM org.openqa.selenium.remote.ProtocolHandshake createSession
INFO: Detected dialect: W3C
]]></system-err>
  </testcase>
  <testcase name="UpdateProfile" classname="com.tests.UpdateProfile_Test" time="27.056">
    <failure message="no such element: Unable to locate element: {&quot;method&quot;:&quot;xpath&quot;,&quot;selector&quot;:&quot;//li[contains(text(),&apos;My Profile&apos;)]&quot;}&#10;  (Session info: headless chrome=88.0.4324.150)&#10;For documentation on this error, please visit: https://www.seleniumhq.org/exceptions/no_such_element.html&#10;Build info: version: &apos;3.141.59&apos;, revision: &apos;e82be7d358&apos;, time: &apos;2018-11-14T08:17:03&apos;&#10;System info: host: &apos;VIBHAKUMARI&apos;, ip: &apos;192.168.1.12&apos;, os.name: &apos;Windows 10&apos;, os.arch: &apos;amd64&apos;, os.version: &apos;10.0&apos;, java.version: &apos;1.8.0_221&apos;&#10;Driver info: org.openqa.selenium.chrome.ChromeDriver&#10;Capabilities {acceptInsecureCerts: false, browserName: chrome, browserVersion: 88.0.4324.150, chrome: {chromedriverVersion: 88.0.4324.96 (68dba2d8a0b14..., userDataDir: C:\Users\VIBHAK~1\AppData\L...}, goog:chromeOptions: {debuggerAddress: localhost:55790}, javascriptEnabled: true, networkConnectionEnabled: false, pageLoadStrategy: normal, platform: WINDOWS, platformName: WINDOWS, proxy: Proxy(), setWindowRect: true, strictFileInteractability: false, timeouts: {implicit: 0, pageLoad: 300000, script: 30000}, unhandledPromptBehavior: dismiss and notify, webauthn:extension:largeBlob: true, webauthn:virtualAuthenticators: true}&#10;Session ID: b92d846e7365b309cffcf2ff8dfdb556&#10;*** Element info: {Using=xpath, value=//li[contains(text(),&apos;My Profile&apos;)]}" type="org.openqa.selenium.NoSuchElementException"><![CDATA[org.openqa.selenium.NoSuchElementException: 
no such element: Unable to locate element: {"method":"xpath","selector":"//li[contains(text(),'My Profile')]"}
  (Session info: headless chrome=88.0.4324.150)
For documentation on this error, please visit: https://www.seleniumhq.org/exceptions/no_such_element.html
Build info: version: '3.141.59', revision: 'e82be7d358', time: '2018-11-14T08:17:03'
System info: host: 'VIBHAKUMARI', ip: '192.168.1.12', os.name: 'Windows 10', os.arch: 'amd64', os.version: '10.0', java.version: '1.8.0_221'
Driver info: org.openqa.selenium.chrome.ChromeDriver
Capabilities {acceptInsecureCerts: false, browserName: chrome, browserVersion: 88.0.4324.150, chrome: {chromedriverVersion: 88.0.4324.96 (68dba2d8a0b14..., userDataDir: C:\Users\VIBHAK~1\AppData\L...}, goog:chromeOptions: {debuggerAddress: localhost:55790}, javascriptEnabled: true, networkConnectionEnabled: false, pageLoadStrategy: normal, platform: WINDOWS, platformName: WINDOWS, proxy: Proxy(), setWindowRect: true, strictFileInteractability: false, timeouts: {implicit: 0, pageLoad: 300000, script: 30000}, unhandledPromptBehavior: dismiss and notify, webauthn:extension:largeBlob: true, webauthn:virtualAuthenticators: true}
Session ID: b92d846e7365b309cffcf2ff8dfdb556
*** Element info: {Using=xpath, value=//li[contains(text(),'My Profile')]}
	at com.tests.UpdateProfile_Test.UpdateProfile(UpdateProfile_Test.java:98)
]]></failure>
    <system-out><![CDATA[gbhjkhj
gbhj
gbhyghj
gbyhjnhj
gbyghhj
]]></system-out>
    <system-err><![CDATA[Feb 11, 2021 11:24:35 PM [com.tests.SearchTest]  invoke0
INFO: *****************************Update Profile Test**********************************
Starting ChromeDriver 88.0.4324.96 (68dba2d8a0b149a1d3afac56fa74648032bcf46b-refs/branch-heads/4324@{#1784}) on port 42648
Only local connections are allowed.
Please see https://chromedriver.chromium.org/security-considerations for suggestions on keeping ChromeDriver safe.
ChromeDriver was started successfully.
Feb 11, 2021 11:24:36 PM org.openqa.selenium.remote.ProtocolHandshake createSession
INFO: Detected dialect: W3C
]]></system-err>
  </testcase>
  <testcase name="get_Title" classname="com.tests.Sites_Test" time="8.117">
    <system-err><![CDATA[Feb 11, 2021 11:25:02 PM [com.tests.BusHireOperator_Test]  invoke0
INFO: ****************Sites Test**************************
Starting ChromeDriver 88.0.4324.96 (68dba2d8a0b149a1d3afac56fa74648032bcf46b-refs/branch-heads/4324@{#1784}) on port 12213
Only local connections are allowed.
Please see https://chromedriver.chromium.org/security-considerations for suggestions on keeping ChromeDriver safe.
ChromeDriver was started successfully.
Feb 11, 2021 11:25:03 PM org.openqa.selenium.remote.ProtocolHandshake createSession
INFO: Detected dialect: W3C
Feb 11, 2021 11:25:08 PM [com.tests.BusHireOperator_Test]  invoke0
INFO: home page will be opened
Feb 11, 2021 11:25:08 PM [com.tests.BusHireOperator_Test]  invoke0
INFO: window will changed
Feb 11, 2021 11:25:11 PM [com.tests.BusHireOperator_Test]  invoke0
INFO: *******************TEST Cases Passed************************
]]></system-err>
  </testcase>
  <testcase name="Cancel" classname="com.tests.ManageBooking_Test" time="6.9">
    <failure message="expected [Cancel Tichgjket - redBus] but found [Cancel Ticket - redBus]" type="java.lang.AssertionError"><![CDATA[java.lang.AssertionError: expected [Cancel Tichgjket - redBus] but found [Cancel Ticket - redBus]
	at com.tests.ManageBooking_Test.Cancel(ManageBooking_Test.java:52)
]]></failure>
    <system-err><![CDATA[Feb 11, 2021 11:25:11 PM [com.tests.BusHireOperator_Test]  invoke0
INFO: *************************Cancel Test*****************************
Starting ChromeDriver 88.0.4324.96 (68dba2d8a0b149a1d3afac56fa74648032bcf46b-refs/branch-heads/4324@{#1784}) on port 35106
Only local connections are allowed.
Please see https://chromedriver.chromium.org/security-considerations for suggestions on keeping ChromeDriver safe.
ChromeDriver was started successfully.
Feb 11, 2021 11:25:12 PM org.openqa.selenium.remote.ProtocolHandshake createSession
INFO: Detected dialect: W3C
]]></system-err>
  </testcase>
  <testcase name="Reschedule" classname="com.tests.ManageBooking_Test" time="4.34">
    <failure message="expected [true] but found [false]" type="java.lang.AssertionError"><![CDATA[java.lang.AssertionError: expected [true] but found [false]
	at com.tests.ManageBooking_Test.Reschedule(ManageBooking_Test.java:84)
]]></failure>
    <system-err><![CDATA[Feb 11, 2021 11:25:18 PM [com.tests.BusHireOperator_Test]  invoke0
INFO: *********************Reschedule Test************************
Starting ChromeDriver 88.0.4324.96 (68dba2d8a0b149a1d3afac56fa74648032bcf46b-refs/branch-heads/4324@{#1784}) on port 41197
Only local connections are allowed.
Please see https://chromedriver.chromium.org/security-considerations for suggestions on keeping ChromeDriver safe.
ChromeDriver was started successfully.
Feb 11, 2021 11:25:19 PM org.openqa.selenium.remote.ProtocolHandshake createSession
INFO: Detected dialect: W3C
Feb 11, 2021 11:25:21 PM [com.tests.BusHireOperator_Test]  invoke0
INFO: Enter the input for reschedule booking
]]></system-err>
  </testcase>
  <testcase name="Show_MyTicket" classname="com.tests.ManageBooking_Test" time="6.716">
    <failure message="expected [false] but found [true]" type="java.lang.AssertionError"><![CDATA[java.lang.AssertionError: expected [false] but found [true]
	at com.tests.ManageBooking_Test.Show_MyTicket(ManageBooking_Test.java:112)
]]></failure>
    <system-err><![CDATA[Feb 11, 2021 11:25:22 PM [com.tests.BusHireOperator_Test]  invoke0
INFO: ******************Show My Ticket***********************
Starting ChromeDriver 88.0.4324.96 (68dba2d8a0b149a1d3afac56fa74648032bcf46b-refs/branch-heads/4324@{#1784}) on port 47562
Only local connections are allowed.
Please see https://chromedriver.chromium.org/security-considerations for suggestions on keeping ChromeDriver safe.
ChromeDriver was started successfully.
Feb 11, 2021 11:25:23 PM org.openqa.selenium.remote.ProtocolHandshake createSession
INFO: Detected dialect: W3C
Feb 11, 2021 11:25:27 PM [com.tests.BusHireOperator_Test]  invoke0
INFO: click on manage booking
Feb 11, 2021 11:25:28 PM [com.tests.BusHireOperator_Test]  invoke0
INFO: user will enter the details to check the status of ticket
]]></system-err>
  </testcase>
  <testcase name="SmS" classname="com.tests.ManageBooking_Test" time="6.377">
    <failure message="expected [false] but found [true]" type="java.lang.AssertionError"><![CDATA[java.lang.AssertionError: expected [false] but found [true]
	at com.tests.ManageBooking_Test.SmS(ManageBooking_Test.java:140)
]]></failure>
    <system-err><![CDATA[Feb 11, 2021 11:25:29 PM [com.tests.BusHireOperator_Test]  invoke0
INFO: **************************Sms Test***************************
Starting ChromeDriver 88.0.4324.96 (68dba2d8a0b149a1d3afac56fa74648032bcf46b-refs/branch-heads/4324@{#1784}) on port 40408
Only local connections are allowed.
Please see https://chromedriver.chromium.org/security-considerations for suggestions on keeping ChromeDriver safe.
ChromeDriver was started successfully.
Feb 11, 2021 11:25:30 PM org.openqa.selenium.remote.ProtocolHandshake createSession
INFO: Detected dialect: W3C
Feb 11, 2021 11:25:34 PM [com.tests.BusHireOperator_Test]  invoke0
INFO: click on Manage booking
]]></system-err>
  </testcase>
  <testcase name="Valid_SignIn" classname="com.tests.SignIn_Test" time="16.611">
    <system-out><![CDATA[Book Bus Travels, AC Volvo Bus, rPool & Bus Hire - redBus India
]]></system-out>
    <system-err><![CDATA[Feb 11, 2021 11:25:36 PM [com.tests.BusHireOperator_Test]  invoke0
INFO: *************************Valid SignIn*********************
Starting ChromeDriver 88.0.4324.96 (68dba2d8a0b149a1d3afac56fa74648032bcf46b-refs/branch-heads/4324@{#1784}) on port 4013
Only local connections are allowed.
Please see https://chromedriver.chromium.org/security-considerations for suggestions on keeping ChromeDriver safe.
ChromeDriver was started successfully.
Feb 11, 2021 11:25:37 PM org.openqa.selenium.remote.ProtocolHandshake createSession
INFO: Detected dialect: W3C
Feb 11, 2021 11:25:39 PM [com.tests.BusHireOperator_Test]  invoke0
INFO: user will click on icon Profile
Feb 11, 2021 11:25:39 PM [com.tests.BusHireOperator_Test]  invoke0
INFO: user will click on sign in button
Feb 11, 2021 11:25:49 PM [com.tests.BusHireOperator_Test]  invoke0
INFO: user will enter the details for sihn in
Feb 11, 2021 11:25:53 PM [com.tests.BusHireOperator_Test]  invoke0
INFO: user will click on close button
Feb 11, 2021 11:25:53 PM [com.tests.BusHireOperator_Test]  invoke0
INFO: *********************Test Case Passed*******************
]]></system-err>
  </testcase>
  <testcase name="BusHireOperator" classname="com.tests.BusHireOperator_Test" time="6.404">
    <system-err><![CDATA[Feb 11, 2021 11:25:53 PM [com.tests.BusHireOperator_Test]  invoke0
INFO: *********************Bus hire operator test****************************
Starting ChromeDriver 88.0.4324.96 (68dba2d8a0b149a1d3afac56fa74648032bcf46b-refs/branch-heads/4324@{#1784}) on port 1519
Only local connections are allowed.
Please see https://chromedriver.chromium.org/security-considerations for suggestions on keeping ChromeDriver safe.
ChromeDriver was started successfully.
Feb 11, 2021 11:25:54 PM org.openqa.selenium.remote.ProtocolHandshake createSession
INFO: Detected dialect: W3C
Feb 11, 2021 11:25:57 PM [com.tests.BusHireOperator_Test]  invoke0
INFO: click on Bus Hire button
Feb 11, 2021 11:25:59 PM [com.tests.BusHireOperator_Test]  invoke0
INFO: enter the details for login the bus
Feb 11, 2021 11:25:59 PM [com.tests.BusHireOperator_Test]  invoke0
INFO: ------------------------------Test Cases Passed----------------------------
]]></system-err>
  </testcase>
  <testcase name="invalid_SignIn" classname="com.tests.Invalid_SignIn" time="18.263">
    <failure message="expected [false] but found [true]" type="java.lang.AssertionError"><![CDATA[java.lang.AssertionError: expected [false] but found [true]
	at com.tests.Invalid_SignIn.invalid_SignIn(Invalid_SignIn.java:58)
]]></failure>
    <system-err><![CDATA[Feb 11, 2021 11:25:59 PM [com.tests.BusHireOperator_Test]  invoke0
INFO: ****************************invalid SignIn test********************
Starting ChromeDriver 88.0.4324.96 (68dba2d8a0b149a1d3afac56fa74648032bcf46b-refs/branch-heads/4324@{#1784}) on port 13454
Only local connections are allowed.
Please see https://chromedriver.chromium.org/security-considerations for suggestions on keeping ChromeDriver safe.
ChromeDriver was started successfully.
Feb 11, 2021 11:26:00 PM org.openqa.selenium.remote.ProtocolHandshake createSession
INFO: Detected dialect: W3C
Feb 11, 2021 11:26:03 PM [com.tests.BusHireOperator_Test]  invoke0
INFO: click on icon Profile
Feb 11, 2021 11:26:04 PM [com.tests.BusHireOperator_Test]  invoke0
INFO: click on signin button
Feb 11, 2021 11:26:14 PM [com.tests.BusHireOperator_Test]  invoke0
INFO: enter the details for signin
Feb 11, 2021 11:26:17 PM [com.tests.BusHireOperator_Test]  invoke0
INFO: click on close
]]></system-err>
  </testcase>
</testsuite>